


ARM Macro Assembler    Page 1 


    1 00000000         ; <<< Use Configuration Wizard in Context Menu >>>
    2 00000000         ;*******************************************************
                       ***********************
    3 00000000         ;
    4 00000000         ; startup_rvmdk.S - Startup code for use with Keil's uVi
                       sion.
    5 00000000         ;
    6 00000000         ; Copyright (c) 2013-2017 Texas Instruments Incorporated
                       .  All rights reserved.
    7 00000000         ; Software License Agreement
    8 00000000         ; 
    9 00000000         ;   Redistribution and use in source and binary forms, w
                       ith or without
   10 00000000         ;   modification, are permitted provided that the follow
                       ing conditions
   11 00000000         ;   are met:
   12 00000000         ; 
   13 00000000         ;   Redistributions of source code must retain the above
                        copyright
   14 00000000         ;   notice, this list of conditions and the following di
                       sclaimer.
   15 00000000         ; 
   16 00000000         ;   Redistributions in binary form must reproduce the ab
                       ove copyright
   17 00000000         ;   notice, this list of conditions and the following di
                       sclaimer in the
   18 00000000         ;   documentation and/or other materials provided with t
                       he  
   19 00000000         ;   distribution.
   20 00000000         ; 
   21 00000000         ;   Neither the name of Texas Instruments Incorporated n
                       or the names of
   22 00000000         ;   its contributors may be used to endorse or promote p
                       roducts derived
   23 00000000         ;   from this software without specific prior written pe
                       rmission.
   24 00000000         ; 
   25 00000000         ; THIS SOFTWARE IS PROVIDED BY THE COPYRIGHT HOLDERS AND
                        CONTRIBUTORS
   26 00000000         ; "AS IS" AND ANY EXPRESS OR IMPLIED WARRANTIES, INCLUDI
                       NG, BUT NOT
   27 00000000         ; LIMITED TO, THE IMPLIED WARRANTIES OF MERCHANTABILITY 
                       AND FITNESS FOR
   28 00000000         ; A PARTICULAR PURPOSE ARE DISCLAIMED. IN NO EVENT SHALL
                        THE COPYRIGHT
   29 00000000         ; OWNER OR CONTRIBUTORS BE LIABLE FOR ANY DIRECT, INDIRE
                       CT, INCIDENTAL,
   30 00000000         ; SPECIAL, EXEMPLARY, OR CONSEQUENTIAL DAMAGES (INCLUDIN
                       G, BUT NOT
   31 00000000         ; LIMITED TO, PROCUREMENT OF SUBSTITUTE GOODS OR SERVICE
                       S; LOSS OF USE,
   32 00000000         ; DATA, OR PROFITS; OR BUSINESS INTERRUPTION) HOWEVER CA
                       USED AND ON ANY
   33 00000000         ; THEORY OF LIABILITY, WHETHER IN CONTRACT, STRICT LIABI
                       LITY, OR TORT
   34 00000000         ; (INCLUDING NEGLIGENCE OR OTHERWISE) ARISING IN ANY WAY
                        OUT OF THE USE
   35 00000000         ; OF THIS SOFTWARE, EVEN IF ADVISED OF THE POSSIBILITY O
                       F SUCH DAMAGE.



ARM Macro Assembler    Page 2 


   36 00000000         ; 
   37 00000000         ; This is part of revision 2.1.4.178 of the Tiva Firmwar
                       e Development Package.
   38 00000000         ;
   39 00000000         ;*******************************************************
                       ***********************
   40 00000000         
   41 00000000         ;*******************************************************
                       ***********************
   42 00000000         ;
   43 00000000         ; <o> Stack Size (in Bytes) <0x0-0xFFFFFFFF:8>
   44 00000000         ;
   45 00000000         ;*******************************************************
                       ***********************
   46 00000000 00000100 
                       Stack   EQU              0x00000100
   47 00000000         
   48 00000000         ;*******************************************************
                       ***********************
   49 00000000         ;
   50 00000000         ; <o> Heap Size (in Bytes) <0x0-0xFFFFFFFF:8>
   51 00000000         ;
   52 00000000         ;*******************************************************
                       ***********************
   53 00000000 00000000 
                       Heap    EQU              0x00000000
   54 00000000         
   55 00000000         ;*******************************************************
                       ***********************
   56 00000000         ;
   57 00000000         ; Allocate space for the stack.
   58 00000000         ;
   59 00000000         ;*******************************************************
                       ***********************
   60 00000000                 AREA             STACK, NOINIT, READWRITE, ALIGN
=3
   61 00000000         StackMem
   62 00000000                 SPACE            Stack
   63 00000100         __initial_sp
   64 00000100         
   65 00000100         ;*******************************************************
                       ***********************
   66 00000100         ;
   67 00000100         ; Allocate space for the heap.
   68 00000100         ;
   69 00000100         ;*******************************************************
                       ***********************
   70 00000100                 AREA             HEAP, NOINIT, READWRITE, ALIGN=
3
   71 00000000         __heap_base
   72 00000000         HeapMem
   73 00000000                 SPACE            Heap
   74 00000000         __heap_limit
   75 00000000         
   76 00000000         ;*******************************************************
                       ***********************
   77 00000000         ;
   78 00000000         ; Indicate that the code in this file preserves 8-byte a
                       lignment of the stack.



ARM Macro Assembler    Page 3 


   79 00000000         ;
   80 00000000         ;*******************************************************
                       ***********************
   81 00000000                 PRESERVE8
   82 00000000         
   83 00000000         ;*******************************************************
                       ***********************
   84 00000000         ;
   85 00000000         ; Place code into the reset code section.
   86 00000000         ;
   87 00000000         ;*******************************************************
                       ***********************
   88 00000000                 AREA             RESET, CODE, READONLY
   89 00000000                 THUMB
   90 00000000         
   91 00000000         ;*******************************************************
                       ***********************
   92 00000000         ;
   93 00000000         ; The vector table.
   94 00000000         ;
   95 00000000         ;*******************************************************
                       ***********************
   96 00000000         
   97 00000000                 EXTERN           PendSV_Handler
   98 00000000                 EXTERN           SVC_Handler
   99 00000000                 EXTERN           SysTick_Handler
  100 00000000                 EXTERN           GPIO_PortFHandler
  101 00000000         
  102 00000000                 EXPORT           __Vectors
  103 00000000         __Vectors
  104 00000000 00000100        DCD              StackMem + Stack ; Top of Stack
                                                            
  105 00000004 00000000        DCD              Reset_Handler ; Reset Handler
  106 00000008 00000000        DCD              NmiSR       ; NMI Handler
  107 0000000C 00000000        DCD              FaultISR    ; Hard Fault Handle
                                                            r
  108 00000010 00000000        DCD              IntDefaultHandler ; The MPU fau
                                                            lt handler
  109 00000014 00000000        DCD              IntDefaultHandler ; The bus fau
                                                            lt handler
  110 00000018 00000000        DCD              IntDefaultHandler ; The usage f
                                                            ault handler
  111 0000001C 00000000        DCD              0           ; Reserved
  112 00000020 00000000        DCD              0           ; Reserved
  113 00000024 00000000        DCD              0           ; Reserved
  114 00000028 00000000        DCD              0           ; Reserved
  115 0000002C 00000000        DCD              SVC_Handler ; SVCall handler
  116 00000030 00000000        DCD              IntDefaultHandler ; Debug monit
                                                            or handler
  117 00000034 00000000        DCD              0           ; Reserved
  118 00000038 00000000        DCD              PendSV_Handler ; The PendSV han
                                                            dler
  119 0000003C 00000000        DCD              SysTick_Handler ; The SysTick h
                                                            andler
  120 00000040 00000000        DCD              IntDefaultHandler ; GPIO Port A
                                                            
  121 00000044 00000000        DCD              IntDefaultHandler ; GPIO Port B
                                                            
  122 00000048 00000000        DCD              IntDefaultHandler ; GPIO Port C



ARM Macro Assembler    Page 4 


                                                            
  123 0000004C 00000000        DCD              IntDefaultHandler ; GPIO Port D
                                                            
  124 00000050 00000000        DCD              IntDefaultHandler ; GPIO Port E
                                                            
  125 00000054 00000000        DCD              IntDefaultHandler 
                                                            ; UART0 Rx and Tx
  126 00000058 00000000        DCD              IntDefaultHandler 
                                                            ; UART1 Rx and Tx
  127 0000005C 00000000        DCD              IntDefaultHandler 
                                                            ; SSI0 Rx and Tx
  128 00000060 00000000        DCD              IntDefaultHandler ; I2C0 Master
                                                             and Slave
  129 00000064 00000000        DCD              IntDefaultHandler ; PWM Fault
  130 00000068 00000000        DCD              IntDefaultHandler 
                                                            ; PWM Generator 0
  131 0000006C 00000000        DCD              IntDefaultHandler 
                                                            ; PWM Generator 1
  132 00000070 00000000        DCD              IntDefaultHandler 
                                                            ; PWM Generator 2
  133 00000074 00000000        DCD              IntDefaultHandler ; Quadrature 
                                                            Encoder 0
  134 00000078 00000000        DCD              IntDefaultHandler 
                                                            ; ADC Sequence 0
  135 0000007C 00000000        DCD              IntDefaultHandler 
                                                            ; ADC Sequence 1
  136 00000080 00000000        DCD              IntDefaultHandler 
                                                            ; ADC Sequence 2
  137 00000084 00000000        DCD              IntDefaultHandler 
                                                            ; ADC Sequence 3
  138 00000088 00000000        DCD              IntDefaultHandler 
                                                            ; Watchdog timer
  139 0000008C 00000000        DCD              IntDefaultHandler ; Timer 0 sub
                                                            timer A
  140 00000090 00000000        DCD              IntDefaultHandler ; Timer 0 sub
                                                            timer B
  141 00000094 00000000        DCD              IntDefaultHandler ; Timer 1 sub
                                                            timer A
  142 00000098 00000000        DCD              IntDefaultHandler ; Timer 1 sub
                                                            timer B
  143 0000009C 00000000        DCD              IntDefaultHandler ; Timer 2 sub
                                                            timer A
  144 000000A0 00000000        DCD              IntDefaultHandler ; Timer 2 sub
                                                            timer B
  145 000000A4 00000000        DCD              IntDefaultHandler ; Analog Comp
                                                            arator 0
  146 000000A8 00000000        DCD              IntDefaultHandler ; Analog Comp
                                                            arator 1
  147 000000AC 00000000        DCD              IntDefaultHandler ; Analog Comp
                                                            arator 2
  148 000000B0 00000000        DCD              IntDefaultHandler ; System Cont
                                                            rol (PLL, OSC, BO)
  149 000000B4 00000000        DCD              IntDefaultHandler 
                                                            ; FLASH Control
  150 000000B8 00000000        DCD              GPIO_PortFHandler ; GPIO Port F
                                                            
  151 000000BC 00000000        DCD              IntDefaultHandler ; GPIO Port G
                                                            
  152 000000C0 00000000        DCD              IntDefaultHandler ; GPIO Port H



ARM Macro Assembler    Page 5 


                                                            
  153 000000C4 00000000        DCD              IntDefaultHandler 
                                                            ; UART2 Rx and Tx
  154 000000C8 00000000        DCD              IntDefaultHandler 
                                                            ; SSI1 Rx and Tx
  155 000000CC 00000000        DCD              IntDefaultHandler ; Timer 3 sub
                                                            timer A
  156 000000D0 00000000        DCD              IntDefaultHandler ; Timer 3 sub
                                                            timer B
  157 000000D4 00000000        DCD              IntDefaultHandler ; I2C1 Master
                                                             and Slave
  158 000000D8 00000000        DCD              IntDefaultHandler ; Quadrature 
                                                            Encoder 1
  159 000000DC 00000000        DCD              IntDefaultHandler ; CAN0
  160 000000E0 00000000        DCD              IntDefaultHandler ; CAN1
  161 000000E4 00000000        DCD              0           ; Reserved
  162 000000E8 00000000        DCD              0           ; Reserved
  163 000000EC 00000000        DCD              IntDefaultHandler ; Hibernate
  164 000000F0 00000000        DCD              IntDefaultHandler ; USB0
  165 000000F4 00000000        DCD              IntDefaultHandler 
                                                            ; PWM Generator 3
  166 000000F8 00000000        DCD              IntDefaultHandler ; uDMA Softwa
                                                            re Transfer
  167 000000FC 00000000        DCD              IntDefaultHandler ; uDMA Error
  168 00000100 00000000        DCD              IntDefaultHandler 
                                                            ; ADC1 Sequence 0
  169 00000104 00000000        DCD              IntDefaultHandler 
                                                            ; ADC1 Sequence 1
  170 00000108 00000000        DCD              IntDefaultHandler 
                                                            ; ADC1 Sequence 2
  171 0000010C 00000000        DCD              IntDefaultHandler 
                                                            ; ADC1 Sequence 3
  172 00000110 00000000        DCD              0           ; Reserved
  173 00000114 00000000        DCD              0           ; Reserved
  174 00000118 00000000        DCD              IntDefaultHandler ; GPIO Port J
                                                            
  175 0000011C 00000000        DCD              IntDefaultHandler ; GPIO Port K
                                                            
  176 00000120 00000000        DCD              IntDefaultHandler ; GPIO Port L
                                                            
  177 00000124 00000000        DCD              IntDefaultHandler 
                                                            ; SSI2 Rx and Tx
  178 00000128 00000000        DCD              IntDefaultHandler 
                                                            ; SSI3 Rx and Tx
  179 0000012C 00000000        DCD              IntDefaultHandler 
                                                            ; UART3 Rx and Tx
  180 00000130 00000000        DCD              IntDefaultHandler 
                                                            ; UART4 Rx and Tx
  181 00000134 00000000        DCD              IntDefaultHandler 
                                                            ; UART5 Rx and Tx
  182 00000138 00000000        DCD              IntDefaultHandler 
                                                            ; UART6 Rx and Tx
  183 0000013C 00000000        DCD              IntDefaultHandler 
                                                            ; UART7 Rx and Tx
  184 00000140 00000000        DCD              0           ; Reserved
  185 00000144 00000000        DCD              0           ; Reserved
  186 00000148 00000000        DCD              0           ; Reserved
  187 0000014C 00000000        DCD              0           ; Reserved
  188 00000150 00000000        DCD              IntDefaultHandler ; I2C2 Master



ARM Macro Assembler    Page 6 


                                                             and Slave
  189 00000154 00000000        DCD              IntDefaultHandler ; I2C3 Master
                                                             and Slave
  190 00000158 00000000        DCD              IntDefaultHandler ; Timer 4 sub
                                                            timer A
  191 0000015C 00000000        DCD              IntDefaultHandler ; Timer 4 sub
                                                            timer B
  192 00000160 00000000        DCD              0           ; Reserved
  193 00000164 00000000        DCD              0           ; Reserved
  194 00000168 00000000        DCD              0           ; Reserved
  195 0000016C 00000000        DCD              0           ; Reserved
  196 00000170 00000000        DCD              0           ; Reserved
  197 00000174 00000000        DCD              0           ; Reserved
  198 00000178 00000000        DCD              0           ; Reserved
  199 0000017C 00000000        DCD              0           ; Reserved
  200 00000180 00000000        DCD              0           ; Reserved
  201 00000184 00000000        DCD              0           ; Reserved
  202 00000188 00000000        DCD              0           ; Reserved
  203 0000018C 00000000        DCD              0           ; Reserved
  204 00000190 00000000        DCD              0           ; Reserved
  205 00000194 00000000        DCD              0           ; Reserved
  206 00000198 00000000        DCD              0           ; Reserved
  207 0000019C 00000000        DCD              0           ; Reserved
  208 000001A0 00000000        DCD              0           ; Reserved
  209 000001A4 00000000        DCD              0           ; Reserved
  210 000001A8 00000000        DCD              0           ; Reserved
  211 000001AC 00000000        DCD              0           ; Reserved
  212 000001B0 00000000        DCD              IntDefaultHandler ; Timer 5 sub
                                                            timer A
  213 000001B4 00000000        DCD              IntDefaultHandler ; Timer 5 sub
                                                            timer B
  214 000001B8 00000000        DCD              IntDefaultHandler ; Wide Timer 
                                                            0 subtimer A
  215 000001BC 00000000        DCD              IntDefaultHandler ; Wide Timer 
                                                            0 subtimer B
  216 000001C0 00000000        DCD              IntDefaultHandler ; Wide Timer 
                                                            1 subtimer A
  217 000001C4 00000000        DCD              IntDefaultHandler ; Wide Timer 
                                                            1 subtimer B
  218 000001C8 00000000        DCD              IntDefaultHandler ; Wide Timer 
                                                            2 subtimer A
  219 000001CC 00000000        DCD              IntDefaultHandler ; Wide Timer 
                                                            2 subtimer B
  220 000001D0 00000000        DCD              IntDefaultHandler ; Wide Timer 
                                                            3 subtimer A
  221 000001D4 00000000        DCD              IntDefaultHandler ; Wide Timer 
                                                            3 subtimer B
  222 000001D8 00000000        DCD              IntDefaultHandler ; Wide Timer 
                                                            4 subtimer A
  223 000001DC 00000000        DCD              IntDefaultHandler ; Wide Timer 
                                                            4 subtimer B
  224 000001E0 00000000        DCD              IntDefaultHandler ; Wide Timer 
                                                            5 subtimer A
  225 000001E4 00000000        DCD              IntDefaultHandler ; Wide Timer 
                                                            5 subtimer B
  226 000001E8 00000000        DCD              IntDefaultHandler ; FPU
  227 000001EC 00000000        DCD              0           ; Reserved
  228 000001F0 00000000        DCD              0           ; Reserved
  229 000001F4 00000000        DCD              IntDefaultHandler ; I2C4 Master



ARM Macro Assembler    Page 7 


                                                             and Slave
  230 000001F8 00000000        DCD              IntDefaultHandler ; I2C5 Master
                                                             and Slave
  231 000001FC 00000000        DCD              IntDefaultHandler ; GPIO Port M
                                                            
  232 00000200 00000000        DCD              IntDefaultHandler ; GPIO Port N
                                                            
  233 00000204 00000000        DCD              IntDefaultHandler ; Quadrature 
                                                            Encoder 2
  234 00000208 00000000        DCD              0           ; Reserved
  235 0000020C 00000000        DCD              0           ; Reserved
  236 00000210 00000000        DCD              IntDefaultHandler ; GPIO Port P
                                                             (Summary or P0)
  237 00000214 00000000        DCD              IntDefaultHandler 
                                                            ; GPIO Port P1
  238 00000218 00000000        DCD              IntDefaultHandler 
                                                            ; GPIO Port P2
  239 0000021C 00000000        DCD              IntDefaultHandler 
                                                            ; GPIO Port P3
  240 00000220 00000000        DCD              IntDefaultHandler 
                                                            ; GPIO Port P4
  241 00000224 00000000        DCD              IntDefaultHandler 
                                                            ; GPIO Port P5
  242 00000228 00000000        DCD              IntDefaultHandler 
                                                            ; GPIO Port P6
  243 0000022C 00000000        DCD              IntDefaultHandler 
                                                            ; GPIO Port P7
  244 00000230 00000000        DCD              IntDefaultHandler ; GPIO Port Q
                                                             (Summary or Q0)
  245 00000234 00000000        DCD              IntDefaultHandler 
                                                            ; GPIO Port Q1
  246 00000238 00000000        DCD              IntDefaultHandler 
                                                            ; GPIO Port Q2
  247 0000023C 00000000        DCD              IntDefaultHandler 
                                                            ; GPIO Port Q3
  248 00000240 00000000        DCD              IntDefaultHandler 
                                                            ; GPIO Port Q4
  249 00000244 00000000        DCD              IntDefaultHandler 
                                                            ; GPIO Port Q5
  250 00000248 00000000        DCD              IntDefaultHandler 
                                                            ; GPIO Port Q6
  251 0000024C 00000000        DCD              IntDefaultHandler 
                                                            ; GPIO Port Q7
  252 00000250 00000000        DCD              IntDefaultHandler ; GPIO Port R
                                                            
  253 00000254 00000000        DCD              IntDefaultHandler ; GPIO Port S
                                                            
  254 00000258 00000000        DCD              IntDefaultHandler 
                                                            ; PWM 1 Generator 0
                                                            
  255 0000025C 00000000        DCD              IntDefaultHandler 
                                                            ; PWM 1 Generator 1
                                                            
  256 00000260 00000000        DCD              IntDefaultHandler 
                                                            ; PWM 1 Generator 2
                                                            
  257 00000264 00000000        DCD              IntDefaultHandler 
                                                            ; PWM 1 Generator 3
                                                            



ARM Macro Assembler    Page 8 


  258 00000268 00000000        DCD              IntDefaultHandler ; PWM 1 Fault
                                                            
  259 0000026C         
  260 0000026C         ;*******************************************************
                       ***********************
  261 0000026C         ;
  262 0000026C         ; This is the code that gets called when the processor f
                       irst starts execution
  263 0000026C         ; following a reset event.
  264 0000026C         ;
  265 0000026C         ;*******************************************************
                       ***********************
  266 0000026C                 EXPORT           Reset_Handler
  267 0000026C         Reset_Handler
  268 0000026C         ;
  269 0000026C         ; Enable the floating-point unit.  This must be done her
                       e to handle the
  270 0000026C         ; case where main() uses floating-point and the function
                        prologue saves
  271 0000026C         ; floating-point registers (which will fault if floating
                       -point is not
  272 0000026C         ; enabled).  Any configuration of the floating-point uni
                       t using
  273 0000026C         ; DriverLib APIs must be done here prior to the floating
                       -point unit
  274 0000026C         ; being enabled.
  275 0000026C         ;
  276 0000026C         ; Note that this does not use DriverLib since it might n
                       ot be included
  277 0000026C         ; in this project.
  278 0000026C         ;
  279 0000026C F64E 5088       MOVW             R0, #0xED88
  280 00000270 F2CE 0000       MOVT             R0, #0xE000
  281 00000274 6801            LDR              R1, [R0]
  282 00000276 F441 0170       ORR              R1, #0x00F00000
  283 0000027A 6001            STR              R1, [R0]
  284 0000027C         
  285 0000027C         ;
  286 0000027C         ; Call the C library enty point that handles startup.  T
                       his will copy
  287 0000027C         ; the .data section initializers from flash to SRAM and 
                       zero fill the
  288 0000027C         ; .bss section.
  289 0000027C         ;
  290 0000027C                 IMPORT           __main
  291 0000027C F7FF BFFE       B                __main
  292 00000280         
  293 00000280         ;*******************************************************
                       ***********************
  294 00000280         ;
  295 00000280         ; This is the code that gets called when the processor r
                       eceives a NMI.  This
  296 00000280         ; simply enters an infinite loop, preserving the system 
                       state for examination
  297 00000280         ; by a debugger.
  298 00000280         ;
  299 00000280         ;*******************************************************
                       ***********************
  300 00000280         NmiSR



ARM Macro Assembler    Page 9 


  301 00000280 E7FE            B                NmiSR
  302 00000282         
  303 00000282         ;*******************************************************
                       ***********************
  304 00000282         ;
  305 00000282         ; This is the code that gets called when the processor r
                       eceives a fault
  306 00000282         ; interrupt.  This simply enters an infinite loop, prese
                       rving the system state
  307 00000282         ; for examination by a debugger.
  308 00000282         ;
  309 00000282         ;*******************************************************
                       ***********************
  310 00000282         FaultISR
  311 00000282 E7FE            B                FaultISR
  312 00000284         
  313 00000284         ;*******************************************************
                       ***********************
  314 00000284         ;
  315 00000284         ; This is the code that gets called when the processor r
                       eceives an unexpected
  316 00000284         ; interrupt.  This simply enters an infinite loop, prese
                       rving the system state
  317 00000284         ; for examination by a debugger.
  318 00000284         ;
  319 00000284         ;*******************************************************
                       ***********************
  320 00000284         IntDefaultHandler
  321 00000284 E7FE            B                IntDefaultHandler
  322 00000286         
  323 00000286         ;*******************************************************
                       ***********************
  324 00000286         ;
  325 00000286         ; Make sure the end of this section is aligned.
  326 00000286         ;
  327 00000286         ;*******************************************************
                       ***********************
  328 00000286 00 00           ALIGN
  329 00000288         
  330 00000288         ;*******************************************************
                       ***********************
  331 00000288         ;
  332 00000288         ; Some code in the normal code section for initializing 
                       the heap and stack.
  333 00000288         ;
  334 00000288         ;*******************************************************
                       ***********************
  335 00000288                 AREA             |.text|, CODE, READONLY
  336 00000000         
  337 00000000         ;*******************************************************
                       ***********************
  338 00000000         ;
  339 00000000         ; The function expected of the C library startup code fo
                       r defining the stack
  340 00000000         ; and heap memory locations.  For the C library version 
                       of the startup code,
  341 00000000         ; provide this function so that the C library initializa
                       tion code can find out
  342 00000000         ; the location of the stack and heap.



ARM Macro Assembler    Page 10 


  343 00000000         ;
  344 00000000         ;*******************************************************
                       ***********************
  345 00000000                 IF               :DEF: __MICROLIB
  350 00000000                 IMPORT           __use_two_region_memory
  351 00000000                 EXPORT           __user_initial_stackheap
  352 00000000         __user_initial_stackheap
  353 00000000 4802            LDR              R0, =HeapMem
  354 00000002 4903            LDR              R1, =(StackMem + Stack)
  355 00000004 4A01            LDR              R2, =(HeapMem + Heap)
  356 00000006 4B03            LDR              R3, =StackMem
  357 00000008 4770            BX               LR
  358 0000000A                 ENDIF
  359 0000000A         
  360 0000000A         ;*******************************************************
                       ***********************
  361 0000000A         ;
  362 0000000A         ; Make sure the end of this section is aligned.
  363 0000000A         ;
  364 0000000A         ;*******************************************************
                       ***********************
  365 0000000A 00 00           ALIGN
  366 0000000C         
  367 0000000C         ;*******************************************************
                       ***********************
  368 0000000C         ;
  369 0000000C         ; Tell the assembler that we're done.
  370 0000000C         ;
  371 0000000C         ;*******************************************************
                       ***********************
  372 0000000C                 END
              00000000 
              00000100 
              00000000 
Command Line: --debug --xref --diag_suppress=9931 --cpu=Cortex-M4.fp --apcs=int
erwork --depend=.\objects\startup_rvmdk.d -o.\objects\startup_rvmdk.o -I.\RTE\_
Target_1 -IC:\Keil_v5\ARM\PACK\Keil\TM4C_DFP\1.1.0\Device\Include\TM4C123 -IC:\
Keil_v5\ARM\CMSIS\Include --predefine="__EVAL SETA 1" --predefine="__UVISION_VE
RSION SETA 524" --predefine="TM4C123GH6PM SETA 1" --list=.\listings\startup_rvm
dk.lst startup_rvmdk.S



ARM Macro Assembler    Page 1 Alphabetic symbol ordering
Relocatable symbols

STACK 00000000

Symbol: STACK
   Definitions
      At line 60 in file startup_rvmdk.S
   Uses
      None
Comment: STACK unused
StackMem 00000000

Symbol: StackMem
   Definitions
      At line 61 in file startup_rvmdk.S
   Uses
      At line 104 in file startup_rvmdk.S
      At line 354 in file startup_rvmdk.S
      At line 356 in file startup_rvmdk.S

__initial_sp 00000100

Symbol: __initial_sp
   Definitions
      At line 63 in file startup_rvmdk.S
   Uses
      None
Comment: __initial_sp unused
3 symbols



ARM Macro Assembler    Page 1 Alphabetic symbol ordering
Relocatable symbols

HEAP 00000000

Symbol: HEAP
   Definitions
      At line 70 in file startup_rvmdk.S
   Uses
      None
Comment: HEAP unused
HeapMem 00000000

Symbol: HeapMem
   Definitions
      At line 72 in file startup_rvmdk.S
   Uses
      At line 353 in file startup_rvmdk.S
      At line 355 in file startup_rvmdk.S

__heap_base 00000000

Symbol: __heap_base
   Definitions
      At line 71 in file startup_rvmdk.S
   Uses
      None
Comment: __heap_base unused
__heap_limit 00000000

Symbol: __heap_limit
   Definitions
      At line 74 in file startup_rvmdk.S
   Uses
      None
Comment: __heap_limit unused
4 symbols



ARM Macro Assembler    Page 1 Alphabetic symbol ordering
Relocatable symbols

FaultISR 00000282

Symbol: FaultISR
   Definitions
      At line 310 in file startup_rvmdk.S
   Uses
      At line 107 in file startup_rvmdk.S
      At line 311 in file startup_rvmdk.S

IntDefaultHandler 00000284

Symbol: IntDefaultHandler
   Definitions
      At line 320 in file startup_rvmdk.S
   Uses
      At line 108 in file startup_rvmdk.S
      At line 109 in file startup_rvmdk.S
      At line 110 in file startup_rvmdk.S
      At line 116 in file startup_rvmdk.S
      At line 120 in file startup_rvmdk.S
      At line 121 in file startup_rvmdk.S
      At line 122 in file startup_rvmdk.S
      At line 123 in file startup_rvmdk.S
      At line 124 in file startup_rvmdk.S
      At line 125 in file startup_rvmdk.S
      At line 126 in file startup_rvmdk.S
      At line 127 in file startup_rvmdk.S
      At line 128 in file startup_rvmdk.S
      At line 129 in file startup_rvmdk.S
      At line 130 in file startup_rvmdk.S
      At line 131 in file startup_rvmdk.S
      At line 132 in file startup_rvmdk.S
      At line 133 in file startup_rvmdk.S
      At line 134 in file startup_rvmdk.S
      At line 135 in file startup_rvmdk.S
      At line 136 in file startup_rvmdk.S
      At line 137 in file startup_rvmdk.S
      At line 138 in file startup_rvmdk.S
      At line 139 in file startup_rvmdk.S
      At line 140 in file startup_rvmdk.S
      At line 141 in file startup_rvmdk.S
      At line 142 in file startup_rvmdk.S
      At line 143 in file startup_rvmdk.S
      At line 144 in file startup_rvmdk.S
      At line 145 in file startup_rvmdk.S
      At line 146 in file startup_rvmdk.S
      At line 147 in file startup_rvmdk.S
      At line 148 in file startup_rvmdk.S
      At line 149 in file startup_rvmdk.S
      At line 151 in file startup_rvmdk.S
      At line 152 in file startup_rvmdk.S
      At line 153 in file startup_rvmdk.S
      At line 154 in file startup_rvmdk.S
      At line 155 in file startup_rvmdk.S
      At line 156 in file startup_rvmdk.S
      At line 157 in file startup_rvmdk.S
      At line 158 in file startup_rvmdk.S
      At line 159 in file startup_rvmdk.S
      At line 160 in file startup_rvmdk.S



ARM Macro Assembler    Page 2 Alphabetic symbol ordering
Relocatable symbols

      At line 163 in file startup_rvmdk.S
      At line 164 in file startup_rvmdk.S
      At line 165 in file startup_rvmdk.S
      At line 166 in file startup_rvmdk.S
      At line 167 in file startup_rvmdk.S
      At line 168 in file startup_rvmdk.S
      At line 169 in file startup_rvmdk.S
      At line 170 in file startup_rvmdk.S
      At line 171 in file startup_rvmdk.S
      At line 174 in file startup_rvmdk.S
      At line 175 in file startup_rvmdk.S
      At line 176 in file startup_rvmdk.S
      At line 177 in file startup_rvmdk.S
      At line 178 in file startup_rvmdk.S
      At line 179 in file startup_rvmdk.S
      At line 180 in file startup_rvmdk.S
      At line 181 in file startup_rvmdk.S
      At line 182 in file startup_rvmdk.S
      At line 183 in file startup_rvmdk.S
      At line 188 in file startup_rvmdk.S
      At line 189 in file startup_rvmdk.S
      At line 190 in file startup_rvmdk.S
      At line 191 in file startup_rvmdk.S
      At line 212 in file startup_rvmdk.S
      At line 213 in file startup_rvmdk.S
      At line 214 in file startup_rvmdk.S
      At line 215 in file startup_rvmdk.S
      At line 216 in file startup_rvmdk.S
      At line 217 in file startup_rvmdk.S
      At line 218 in file startup_rvmdk.S
      At line 219 in file startup_rvmdk.S
      At line 220 in file startup_rvmdk.S
      At line 221 in file startup_rvmdk.S
      At line 222 in file startup_rvmdk.S
      At line 223 in file startup_rvmdk.S
      At line 224 in file startup_rvmdk.S
      At line 225 in file startup_rvmdk.S
      At line 226 in file startup_rvmdk.S
      At line 229 in file startup_rvmdk.S
      At line 230 in file startup_rvmdk.S
      At line 231 in file startup_rvmdk.S
      At line 232 in file startup_rvmdk.S
      At line 233 in file startup_rvmdk.S
      At line 236 in file startup_rvmdk.S
      At line 237 in file startup_rvmdk.S
      At line 238 in file startup_rvmdk.S
      At line 239 in file startup_rvmdk.S
      At line 240 in file startup_rvmdk.S
      At line 241 in file startup_rvmdk.S
      At line 242 in file startup_rvmdk.S
      At line 243 in file startup_rvmdk.S
      At line 244 in file startup_rvmdk.S
      At line 245 in file startup_rvmdk.S
      At line 246 in file startup_rvmdk.S
      At line 247 in file startup_rvmdk.S
      At line 248 in file startup_rvmdk.S
      At line 249 in file startup_rvmdk.S
      At line 250 in file startup_rvmdk.S
      At line 251 in file startup_rvmdk.S



ARM Macro Assembler    Page 3 Alphabetic symbol ordering
Relocatable symbols

      At line 252 in file startup_rvmdk.S
      At line 253 in file startup_rvmdk.S
      At line 254 in file startup_rvmdk.S
      At line 255 in file startup_rvmdk.S
      At line 256 in file startup_rvmdk.S
      At line 257 in file startup_rvmdk.S
      At line 258 in file startup_rvmdk.S
      At line 321 in file startup_rvmdk.S

NmiSR 00000280

Symbol: NmiSR
   Definitions
      At line 300 in file startup_rvmdk.S
   Uses
      At line 106 in file startup_rvmdk.S
      At line 301 in file startup_rvmdk.S

RESET 00000000

Symbol: RESET
   Definitions
      At line 88 in file startup_rvmdk.S
   Uses
      None
Comment: RESET unused
Reset_Handler 0000026C

Symbol: Reset_Handler
   Definitions
      At line 267 in file startup_rvmdk.S
   Uses
      At line 105 in file startup_rvmdk.S
      At line 266 in file startup_rvmdk.S

__Vectors 00000000

Symbol: __Vectors
   Definitions
      At line 103 in file startup_rvmdk.S
   Uses
      At line 102 in file startup_rvmdk.S
Comment: __Vectors used once
6 symbols



ARM Macro Assembler    Page 1 Alphabetic symbol ordering
Relocatable symbols

.text 00000000

Symbol: .text
   Definitions
      At line 335 in file startup_rvmdk.S
   Uses
      None
Comment: .text unused
__user_initial_stackheap 00000000

Symbol: __user_initial_stackheap
   Definitions
      At line 352 in file startup_rvmdk.S
   Uses
      At line 351 in file startup_rvmdk.S
Comment: __user_initial_stackheap used once
2 symbols



ARM Macro Assembler    Page 1 Alphabetic symbol ordering
Absolute symbols

Heap 00000000

Symbol: Heap
   Definitions
      At line 53 in file startup_rvmdk.S
   Uses
      At line 73 in file startup_rvmdk.S
      At line 355 in file startup_rvmdk.S

Stack 00000100

Symbol: Stack
   Definitions
      At line 46 in file startup_rvmdk.S
   Uses
      At line 62 in file startup_rvmdk.S
      At line 104 in file startup_rvmdk.S
      At line 354 in file startup_rvmdk.S

2 symbols



ARM Macro Assembler    Page 1 Alphabetic symbol ordering
External symbols

GPIO_PortFHandler 00000000

Symbol: GPIO_PortFHandler
   Definitions
      At line 100 in file startup_rvmdk.S
   Uses
      At line 150 in file startup_rvmdk.S
Comment: GPIO_PortFHandler used once
PendSV_Handler 00000000

Symbol: PendSV_Handler
   Definitions
      At line 97 in file startup_rvmdk.S
   Uses
      At line 118 in file startup_rvmdk.S
Comment: PendSV_Handler used once
SVC_Handler 00000000

Symbol: SVC_Handler
   Definitions
      At line 98 in file startup_rvmdk.S
   Uses
      At line 115 in file startup_rvmdk.S
Comment: SVC_Handler used once
SysTick_Handler 00000000

Symbol: SysTick_Handler
   Definitions
      At line 99 in file startup_rvmdk.S
   Uses
      At line 119 in file startup_rvmdk.S
Comment: SysTick_Handler used once
__main 00000000

Symbol: __main
   Definitions
      At line 290 in file startup_rvmdk.S
   Uses
      At line 291 in file startup_rvmdk.S
Comment: __main used once
__use_two_region_memory 00000000

Symbol: __use_two_region_memory
   Definitions
      At line 350 in file startup_rvmdk.S
   Uses
      None
Comment: __use_two_region_memory unused
6 symbols
361 symbols in table
