c:\users\jspicer\desktop\real-time systems\midifile\visual-studio\exportmidi\debug\vc120.pdb
c:\users\jspicer\desktop\real-time systems\midifile\visual-studio\exportmidi\debug\vc120.idb
c:\users\jspicer\desktop\real-time systems\midifile\visual-studio\exportmidi\debug\export.obj
c:\users\jspicer\desktop\real-time systems\midifile\visual-studio\exportmidi\debug\stdafx.obj
c:\users\jspicer\desktop\experiment16-midi\midifile\visual-studio\exportmidi\debug\vc120.pdb
c:\users\jspicer\desktop\experiment16-midi\midifile\visual-studio\exportmidi\debug\vc120.idb
c:\users\jspicer\desktop\experiment16-midi\midifile\visual-studio\exportmidi\debug\stdafx.obj
c:\users\jspicer\desktop\experiment16-midi\midifile\visual-studio\exportmidi\debug\export.obj
c:\users\jspicer\desktop\real-time systems\midifile\visual-studio\debug\exportmidi.ilk
c:\users\jspicer\desktop\real-time systems\midifile\visual-studio\debug\exportmidi.exe
c:\users\jspicer\desktop\real-time systems\midifile\visual-studio\debug\exportmidi.pdb
c:\users\jspicer\desktop\experiment16-midi\midifile\visual-studio\debug\exportmidi.ilk
c:\users\jspicer\desktop\experiment16-midi\midifile\visual-studio\debug\exportmidi.exe
c:\users\jspicer\desktop\experiment16-midi\midifile\visual-studio\debug\exportmidi.pdb
c:\users\jspicer\desktop\experiment16-midi\midifile\visual-studio\exportmidi\debug\export.vcxprojresolveassemblyreference.cache
c:\users\jspicer\desktop\experiment16-midi\midifile\visual-studio\exportmidi\debug\exportmidi.tlog\cl.command.1.tlog
c:\users\jspicer\desktop\experiment16-midi\midifile\visual-studio\exportmidi\debug\exportmidi.tlog\cl.read.1.tlog
c:\users\jspicer\desktop\experiment16-midi\midifile\visual-studio\exportmidi\debug\exportmidi.tlog\cl.write.1.tlog
c:\users\jspicer\desktop\experiment16-midi\midifile\visual-studio\exportmidi\debug\exportmidi.tlog\link.command.1.tlog
c:\users\jspicer\desktop\experiment16-midi\midifile\visual-studio\exportmidi\debug\exportmidi.tlog\link.read.1.tlog
c:\users\jspicer\desktop\experiment16-midi\midifile\visual-studio\exportmidi\debug\exportmidi.tlog\link.write.1.tlog
